Started GET "/" for ::1 at 2019-05-08 17:14:47 -0400
Processing by KeyboardDemosController#demo1 as HTML
  Rendering keyboard_demos/demo1.html.erb within layouts/application
  Rendered keyboard_demos/demo1.html.erb within layouts/application (1.2ms)
Completed 200 OK in 1322ms (Views: 1317.1ms | ActiveRecord: 0.0ms)


Started GET "/" for 127.0.0.1 at 2019-05-08 17:48:17 -0400
Processing by KeyboardDemosController#demo1 as HTML
  Rendering keyboard_demos/demo1.html.erb within layouts/application
  Rendered keyboard_demos/demo1.html.erb within layouts/application (0.6ms)
Completed 200 OK in 278ms (Views: 271.2ms | ActiveRecord: 0.0ms)


Started GET "/" for 127.0.0.1 at 2019-05-08 17:50:17 -0400
Processing by KeyboardDemosController#demo1 as HTML
  Rendering keyboard_demos/demo1.html.erb within layouts/application
  Rendered keyboard_demos/demo1.html.erb within layouts/application (1.1ms)
Completed 200 OK in 269ms (Views: 263.5ms | ActiveRecord: 0.0ms)


Started GET "/" for 127.0.0.1 at 2019-05-08 17:51:20 -0400
Processing by KeyboardDemosController#demo1 as HTML
  Rendering keyboard_demos/demo1.html.erb within layouts/application
  Rendered keyboard_demos/demo1.html.erb within layouts/application (0.4ms)
Completed 200 OK in 63ms (Views: 62.1ms | ActiveRecord: 0.0ms)


Started GET "/" for 127.0.0.1 at 2019-05-08 17:54:10 -0400
Processing by KeyboardDemosController#demo1 as HTML
  Rendering keyboard_demos/demo1.html.erb within layouts/application
  Rendered keyboard_demos/demo1.html.erb within layouts/application (0.4ms)
Completed 200 OK in 57ms (Views: 55.7ms | ActiveRecord: 0.0ms)


